# JRE version: OpenJDK Runtime Environment Temurin-17.0.5+8 (17.0.5+8) (build 17.0.5+8)
# Java VM: OpenJDK 64-Bit Server VM Temurin-17.0.5+8 (17.0.5+8, mixed mode, emulated-client, tiered, compressed oops, compressed class ptrs, g1 gc, windows-amd64)
GC Precious Log:
 CPUs: 12 total, 12 available
 Memory: 16164M
 Large Page Support: Disabled
 NUMA Support: Disabled
 Compressed Oops: Enabled (Zero based)
 Heap Region Size: 2M
 Heap Min Capacity: 8M
 Heap Initial Capacity: 254M
 Heap Max Capacity: 4042M
 Pre-touch: Disabled
 Parallel Workers: 10
 Concurrent Workers: 3
 Concurrent Refinement Workers: 10
 Periodic GC: Disabled
Heap:
 garbage-first heap   total 137216K, used 39881K [0x0000000703600000, 0x0000000800000000)
  region size 2048K, 1 young (2048K), 0 survivors (0K)
 Metaspace       used 67218K, committed 67776K, reserved 1114112K
  class space    used 9045K, committed 9280K, reserved 1048576K
GC Heap History (20 events):
Event: 34331.642 GC heap before
{Heap before GC invocations=3387 (full 3358):
 garbage-first heap   total 137216K, used 39881K [0x0000000703600000, 0x0000000800000000)
  region size 2048K, 1 young (2048K), 0 survivors (0K)
 Metaspace       used 67218K, committed 67776K, reserved 1114112K
  class space    used 9045K, committed 9280K, reserved 1048576K
}
Event: 34331.675 GC heap after
{Heap after GC invocations=3388 (full 3359):
 garbage-first heap   total 137216K, used 39881K [0x0000000703600000, 0x0000000800000000)
  region size 2048K, 0 young (0K), 0 survivors (0K)
 Metaspace       used 67218K, committed 67776K, reserved 1114112K
  class space    used 9045K, committed 9280K, reserved 1048576K
}
Event: 34341.867 GC heap before
{Heap before GC invocations=3388 (full 3359):
 garbage-first heap   total 137216K, used 39881K [0x0000000703600000, 0x0000000800000000)
  region size 2048K, 1 young (2048K), 0 survivors (0K)
 Metaspace       used 67218K, committed 67776K, reserved 1114112K
  class space    used 9045K, committed 9280K, reserved 1048576K
}
Event: 34341.917 GC heap after
{Heap after GC invocations=3389 (full 3360):
 garbage-first heap   total 137216K, used 39881K [0x0000000703600000, 0x0000000800000000)
  region size 2048K, 0 young (0K), 0 survivors (0K)
 Metaspace       used 67218K, committed 67776K, reserved 1114112K
  class space    used 9045K, committed 9280K, reserved 1048576K
}
Event: 34352.051 GC heap before
{Heap before GC invocations=3389 (full 3360):
 garbage-first heap   total 137216K, used 39881K [0x0000000703600000, 0x0000000800000000)
  region size 2048K, 1 young (2048K), 0 survivors (0K)
 Metaspace       used 67218K, committed 67776K, reserved 1114112K
  class space    used 9045K, committed 9280K, reserved 1048576K
}
Event: 34352.083 GC heap after
{Heap after GC invocations=3390 (full 3361):
 garbage-first heap   total 137216K, used 39881K [0x0000000703600000, 0x0000000800000000)
  region size 2048K, 0 young (0K), 0 survivors (0K)
 Metaspace       used 67218K, committed 67776K, reserved 1114112K
  class space    used 9045K, committed 9280K, reserved 1048576K
}
Event: 34362.228 GC heap before
{Heap before GC invocations=3390 (full 3361):
 garbage-first heap   total 137216K, used 39881K [0x0000000703600000, 0x0000000800000000)
  region size 2048K, 1 young (2048K), 0 survivors (0K)
 Metaspace       used 67218K, committed 67776K, reserved 1114112K
  class space    used 9045K, committed 9280K, reserved 1048576K
}
Event: 34362.259 GC heap after
{Heap after GC invocations=3391 (full 3362):
 garbage-first heap   total 137216K, used 39881K [0x0000000703600000, 0x0000000800000000)
  region size 2048K, 0 young (0K), 0 survivors (0K)
 Metaspace       used 67218K, committed 67776K, reserved 1114112K
  class space    used 9045K, committed 9280K, reserved 1048576K
}
Event: 34372.392 GC heap before
{Heap before GC invocations=3391 (full 3362):
 garbage-first heap   total 137216K, used 39881K [0x0000000703600000, 0x0000000800000000)
  region size 2048K, 1 young (2048K), 0 survivors (0K)
 Metaspace       used 67218K, committed 67776K, reserved 1114112K
  class space    used 9045K, committed 9280K, reserved 1048576K
}
Event: 34372.426 GC heap after
{Heap after GC invocations=3392 (full 3363):
 garbage-first heap   total 137216K, used 39881K [0x0000000703600000, 0x0000000800000000)
  region size 2048K, 0 young (0K), 0 survivors (0K)
 Metaspace       used 67218K, committed 67776K, reserved 1114112K
  class space    used 9045K, committed 9280K, reserved 1048576K
}
Event: 34382.562 GC heap before
{Heap before GC invocations=3392 (full 3363):
 garbage-first heap   total 137216K, used 39881K [0x0000000703600000, 0x0000000800000000)
  region size 2048K, 1 young (2048K), 0 survivors (0K)
 Metaspace       used 67218K, committed 67776K, reserved 1114112K
  class space    used 9045K, committed 9280K, reserved 1048576K
}
Event: 34382.591 GC heap after
{Heap after GC invocations=3393 (full 3364):
 garbage-first heap   total 137216K, used 39881K [0x0000000703600000, 0x0000000800000000)
  region size 2048K, 0 young (0K), 0 survivors (0K)
 Metaspace       used 67218K, committed 67776K, reserved 1114112K
  class space    used 9045K, committed 9280K, reserved 1048576K
}
Event: 34392.733 GC heap before
{Heap before GC invocations=3393 (full 3364):
 garbage-first heap   total 137216K, used 39881K [0x0000000703600000, 0x0000000800000000)
  region size 2048K, 1 young (2048K), 0 survivors (0K)
 Metaspace       used 67218K, committed 67776K, reserved 1114112K
  class space    used 9045K, committed 9280K, reserved 1048576K
}
Event: 34392.764 GC heap after
{Heap after GC invocations=3394 (full 3365):
 garbage-first heap   total 137216K, used 39881K [0x0000000703600000, 0x0000000800000000)
  region size 2048K, 0 young (0K), 0 survivors (0K)
 Metaspace       used 67218K, committed 67776K, reserved 1114112K
  class space    used 9045K, committed 9280K, reserved 1048576K
}
Event: 34402.902 GC heap before
{Heap before GC invocations=3394 (full 3365):
 garbage-first heap   total 137216K, used 39881K [0x0000000703600000, 0x0000000800000000)
  region size 2048K, 1 young (2048K), 0 survivors (0K)
 Metaspace       used 67218K, committed 67776K, reserved 1114112K
  class space    used 9045K, committed 9280K, reserved 1048576K
}
Event: 34402.933 GC heap after
{Heap after GC invocations=3395 (full 3366):
 garbage-first heap   total 137216K, used 39881K [0x0000000703600000, 0x0000000800000000)
  region size 2048K, 0 young (0K), 0 survivors (0K)
 Metaspace       used 67218K, committed 67776K, reserved 1114112K
  class space    used 9045K, committed 9280K, reserved 1048576K
}
Event: 34413.075 GC heap before
{Heap before GC invocations=3395 (full 3366):
 garbage-first heap   total 137216K, used 39881K [0x0000000703600000, 0x0000000800000000)
  region size 2048K, 1 young (2048K), 0 survivors (0K)
 Metaspace       used 67218K, committed 67776K, reserved 1114112K
  class space    used 9045K, committed 9280K, reserved 1048576K
}
Event: 34413.107 GC heap after
{Heap after GC invocations=3396 (full 3367):
 garbage-first heap   total 137216K, used 39881K [0x0000000703600000, 0x0000000800000000)
  region size 2048K, 0 young (0K), 0 survivors (0K)
 Metaspace       used 67218K, committed 67776K, reserved 1114112K
  class space    used 9045K, committed 9280K, reserved 1048576K
}
Event: 34423.233 GC heap before
{Heap before GC invocations=3396 (full 3367):
 garbage-first heap   total 137216K, used 39881K [0x0000000703600000, 0x0000000800000000)
  region size 2048K, 1 young (2048K), 0 survivors (0K)
 Metaspace       used 67218K, committed 67776K, reserved 1114112K
  class space    used 9045K, committed 9280K, reserved 1048576K
}
Event: 34423.267 GC heap after
{Heap after GC invocations=3397 (full 3368):
 garbage-first heap   total 137216K, used 39881K [0x0000000703600000, 0x0000000800000000)
  region size 2048K, 0 young (0K), 0 survivors (0K)
 Metaspace       used 67218K, committed 67776K, reserved 1114112K
  class space    used 9045K, committed 9280K, reserved 1048576K
}

